
Collecting tasks from: tasks.py
=================== Running: [96morder_robots_from_RobotSpareBin[0m ===================
[96morder_robots_from_RobotSpareBin[0m status: [91mFAIL
[0m[91m
Page closed
=========================== logs ===========================
waiting for locator("#id-body")
============================================================
[0m=========== Full Traceback (running [96morder_robots_from_RobotSpareBin[0m) ===========
[91mTraceback (most recent call last):
  File "C:\ProgramData\robocorp\ht\f9ec127_b1f3c24_691db988\lib\site-packages\robocorp\tasks\_commands.py", line 278, in run
    task.run()
  File "C:\ProgramData\robocorp\ht\f9ec127_b1f3c24_691db988\lib\site-packages\robocorp\tasks\_task.py", line 30, in run
    self.method()
  File "c:\Users\Izaya\dev\Automation\My Own Robot\tasks.py", line 15, in order_robots_from_RobotSpareBin
    orders = get_orders()
  File "c:\Users\Izaya\dev\Automation\My Own Robot\tasks.py", line 35, in get_orders
    fill_the_form(order)
  File "c:\Users\Izaya\dev\Automation\My Own Robot\tasks.py", line 46, in fill_the_form
    page.select_option("#id-body", order_data["Body"])
  File "C:\ProgramData\robocorp\ht\f9ec127_b1f3c24_691db988\lib\site-packages\playwright\sync_api\_generated.py", line 11411, in select_option
    self._sync(
  File "C:\ProgramData\robocorp\ht\f9ec127_b1f3c24_691db988\lib\site-packages\playwright\_impl\_sync_base.py", line 109, in _sync
    return task.result()
  File "C:\ProgramData\robocorp\ht\f9ec127_b1f3c24_691db988\lib\site-packages\playwright\_impl\_page.py", line 870, in select_option
    return await self._main_frame.select_option(**params)
  File "C:\ProgramData\robocorp\ht\f9ec127_b1f3c24_691db988\lib\site-packages\playwright\_impl\_frame.py", line 674, in select_option
    return await self._channel.send("selectOption", params)
  File "C:\ProgramData\robocorp\ht\f9ec127_b1f3c24_691db988\lib\site-packages\playwright\_impl\_connection.py", line 61, in send
    return await self._connection.wrap_api_call(
  File "C:\ProgramData\robocorp\ht\f9ec127_b1f3c24_691db988\lib\site-packages\playwright\_impl\_connection.py", line 490, in wrap_api_call
    return await cb()
  File "C:\ProgramData\robocorp\ht\f9ec127_b1f3c24_691db988\lib\site-packages\playwright\_impl\_connection.py", line 99, in inner_send
    result = next(iter(done)).result()
playwright._impl._api_types.Error: Page closed
=========================== logs ===========================
waiting for locator("#id-body")
============================================================

[0m================================================================================
Robocorp Log (html): c:\Users\Izaya\dev\Automation\My Own Robot\output\log.html
